[debug] [2026-06-24T23:55:39.497Z] ----------------------------------------------------------------------
[debug] [2026-06-24T23:55:39.498Z] Command:       /opt/homebrew/Cellar/node/26.3.0/bin/node /opt/homebrew/bin/firebase init apphosting
[debug] [2026-06-24T23:55:39.499Z] CLI Version:   15.22.2
[debug] [2026-06-24T23:55:39.499Z] Platform:      darwin
[debug] [2026-06-24T23:55:39.499Z] Node Version:  v26.3.0
[debug] [2026-06-24T23:55:39.499Z] Detected Agent: unknown
[debug] [2026-06-24T23:55:39.499Z] Time:          Thu Jun 25 2026 01:55:39 GMT+0200 (Central European Summer Time)
[debug] [2026-06-24T23:55:39.499Z] ----------------------------------------------------------------------
[debug] 
[info] 
     ######## #### ########  ######## ########     ###     ######  ########
     ##        ##  ##     ## ##       ##     ##  ##   ##  ##       ##
     ######    ##  ########  ######   ########  #########  ######  ######
     ##        ##  ##    ##  ##       ##     ## ##     ##       ## ##
     ##       #### ##     ## ######## ########  ##     ##  ######  ########

You're about to initialize a Firebase project in this directory:

  /Users/iris/Documents/GitHub/pet-com-unity-backend

[info] 
=== Project Setup
[info] 
[info] First, let's associate this project directory with a Firebase project.
[info] You can create multiple project aliases by running firebase use --add, 
[info] 
[debug] [2026-06-24T23:55:42.308Z] > command requires scopes: ["email","openid","https://www.googleapis.com/auth/cloudplatformprojects.readonly","https://www.googleapis.com/auth/firebase","https://www.googleapis.com/auth/cloud-platform"]
[debug] [2026-06-24T23:55:42.308Z] > authorizing via signed-in user (pysarenkoiryna@gmail.com)
[debug] [2026-06-24T23:55:42.309Z] Checked if tokens are valid: true, expires at: 1782348544042
[debug] [2026-06-24T23:55:42.309Z] Checked if tokens are valid: true, expires at: 1782348544042
[debug] [2026-06-24T23:55:42.310Z] >>> [apiv2][query] GET https://firebase.googleapis.com/v1beta1/projects pageSize=100
[debug] [2026-06-24T23:55:43.065Z] <<< [apiv2][status] GET https://firebase.googleapis.com/v1beta1/projects 200
[debug] [2026-06-24T23:55:43.065Z] <<< [apiv2][body] GET https://firebase.googleapis.com/v1beta1/projects [omitted]
[info] 
=== App Hosting Setup
[debug] [2026-06-24T23:55:49.128Z] Checked if tokens are valid: true, expires at: 1782348544042
[debug] [2026-06-24T23:55:49.128Z] Checked if tokens are valid: true, expires at: 1782348544042
[debug] [2026-06-24T23:55:49.128Z] >>> [apiv2][query] GET https://serviceusage.googleapis.com/v1/projects/pet-com-unity/services/cloudbilling.googleapis.com [none]
[debug] [2026-06-24T23:55:49.128Z] >>> [apiv2][(partial)header] GET https://serviceusage.googleapis.com/v1/projects/pet-com-unity/services/cloudbilling.googleapis.com  x-goog-user-project=pet-com-unity
[debug] [2026-06-24T23:55:49.819Z] <<< [apiv2][status] GET https://serviceusage.googleapis.com/v1/projects/pet-com-unity/services/cloudbilling.googleapis.com 200
[debug] [2026-06-24T23:55:49.819Z] <<< [apiv2][body] GET https://serviceusage.googleapis.com/v1/projects/pet-com-unity/services/cloudbilling.googleapis.com [omitted]
[debug] [2026-06-24T23:55:49.820Z] Checked if tokens are valid: true, expires at: 1782348544042
[debug] [2026-06-24T23:55:49.820Z] Checked if tokens are valid: true, expires at: 1782348544042
[debug] [2026-06-24T23:55:49.820Z] >>> [apiv2][query] POST https://serviceusage.googleapis.com/v1/projects/pet-com-unity/services/cloudbilling.googleapis.com:enable [none]
[debug] [2026-06-24T23:55:49.820Z] >>> [apiv2][(partial)header] POST https://serviceusage.googleapis.com/v1/projects/pet-com-unity/services/cloudbilling.googleapis.com:enable  x-goog-user-project=pet-com-unity
[debug] [2026-06-24T23:55:50.486Z] <<< [apiv2][status] POST https://serviceusage.googleapis.com/v1/projects/pet-com-unity/services/cloudbilling.googleapis.com:enable 200
[debug] [2026-06-24T23:55:50.486Z] <<< [apiv2][body] POST https://serviceusage.googleapis.com/v1/projects/pet-com-unity/services/cloudbilling.googleapis.com:enable [omitted]
[debug] [2026-06-24T23:56:00.497Z] Checked if tokens are valid: true, expires at: 1782348544042
[debug] [2026-06-24T23:56:00.497Z] Checked if tokens are valid: true, expires at: 1782348544042
[debug] [2026-06-24T23:56:00.497Z] >>> [apiv2][query] GET https://cloudbilling.googleapis.com/v1/projects/pet-com-unity/billingInfo [none]
[debug] [2026-06-24T23:56:00.497Z] >>> [apiv2][(partial)header] GET https://cloudbilling.googleapis.com/v1/projects/pet-com-unity/billingInfo  x-goog-user-project=pet-com-unity
[debug] [2026-06-24T23:56:00.977Z] <<< [apiv2][status] GET https://cloudbilling.googleapis.com/v1/projects/pet-com-unity/billingInfo 200
[debug] [2026-06-24T23:56:00.977Z] <<< [apiv2][body] GET https://cloudbilling.googleapis.com/v1/projects/pet-com-unity/billingInfo {"name":"projects/pet-com-unity/billingInfo","projectId":"pet-com-unity","billingAccountName":"billingAccounts/01C841-572C2B-8D59D8","billingEnabled":true}
[debug] [2026-06-24T23:56:00.978Z] Checked if tokens are valid: true, expires at: 1782348544042
[debug] [2026-06-24T23:56:00.978Z] Checked if tokens are valid: true, expires at: 1782348544042
[debug] [2026-06-24T23:56:00.978Z] >>> [apiv2][query] GET https://serviceusage.googleapis.com/v1/projects/pet-com-unity/services/firebaseapphosting.googleapis.com [none]
[debug] [2026-06-24T23:56:00.978Z] >>> [apiv2][(partial)header] GET https://serviceusage.googleapis.com/v1/projects/pet-com-unity/services/firebaseapphosting.googleapis.com  x-goog-user-project=pet-com-unity
[debug] [2026-06-24T23:56:02.138Z] <<< [apiv2][status] GET https://serviceusage.googleapis.com/v1/projects/pet-com-unity/services/firebaseapphosting.googleapis.com 200
[debug] [2026-06-24T23:56:02.138Z] <<< [apiv2][body] GET https://serviceusage.googleapis.com/v1/projects/pet-com-unity/services/firebaseapphosting.googleapis.com [omitted]
[debug] [2026-06-24T23:56:02.145Z] Checked if tokens are valid: true, expires at: 1782348544042
[debug] [2026-06-24T23:56:02.146Z] Checked if tokens are valid: true, expires at: 1782348544042
[debug] [2026-06-24T23:56:02.146Z] Checked if tokens are valid: true, expires at: 1782348544042
[debug] [2026-06-24T23:56:02.146Z] Checked if tokens are valid: true, expires at: 1782348544042
[debug] [2026-06-24T23:56:02.146Z] Checked if tokens are valid: true, expires at: 1782348544042
[debug] [2026-06-24T23:56:02.146Z] Checked if tokens are valid: true, expires at: 1782348544042
[debug] [2026-06-24T23:56:02.146Z] Checked if tokens are valid: true, expires at: 1782348544042
[debug] [2026-06-24T23:56:02.146Z] Checked if tokens are valid: true, expires at: 1782348544042
[debug] [2026-06-24T23:56:02.146Z] Checked if tokens are valid: true, expires at: 1782348544042
[debug] [2026-06-24T23:56:02.146Z] Checked if tokens are valid: true, expires at: 1782348544042
[debug] [2026-06-24T23:56:02.146Z] Checked if tokens are valid: true, expires at: 1782348544042
[debug] [2026-06-24T23:56:02.146Z] Checked if tokens are valid: true, expires at: 1782348544042
[debug] [2026-06-24T23:56:02.147Z] >>> [apiv2][query] GET https://serviceusage.googleapis.com/v1/projects/pet-com-unity/services/developerconnect.googleapis.com [none]
[debug] [2026-06-24T23:56:02.147Z] >>> [apiv2][(partial)header] GET https://serviceusage.googleapis.com/v1/projects/pet-com-unity/services/developerconnect.googleapis.com  x-goog-user-project=pet-com-unity
[debug] [2026-06-24T23:56:02.147Z] >>> [apiv2][query] GET https://serviceusage.googleapis.com/v1/projects/pet-com-unity/services/cloudbuild.googleapis.com [none]
[debug] [2026-06-24T23:56:02.147Z] >>> [apiv2][(partial)header] GET https://serviceusage.googleapis.com/v1/projects/pet-com-unity/services/cloudbuild.googleapis.com  x-goog-user-project=pet-com-unity
[debug] [2026-06-24T23:56:02.148Z] >>> [apiv2][query] GET https://serviceusage.googleapis.com/v1/projects/pet-com-unity/services/secretmanager.googleapis.com [none]
[debug] [2026-06-24T23:56:02.148Z] >>> [apiv2][(partial)header] GET https://serviceusage.googleapis.com/v1/projects/pet-com-unity/services/secretmanager.googleapis.com  x-goog-user-project=pet-com-unity
[debug] [2026-06-24T23:56:02.149Z] >>> [apiv2][query] GET https://serviceusage.googleapis.com/v1/projects/pet-com-unity/services/run.googleapis.com [none]
[debug] [2026-06-24T23:56:02.149Z] >>> [apiv2][(partial)header] GET https://serviceusage.googleapis.com/v1/projects/pet-com-unity/services/run.googleapis.com  x-goog-user-project=pet-com-unity
[debug] [2026-06-24T23:56:02.150Z] >>> [apiv2][query] GET https://serviceusage.googleapis.com/v1/projects/pet-com-unity/services/artifactregistry.googleapis.com [none]
[debug] [2026-06-24T23:56:02.150Z] >>> [apiv2][(partial)header] GET https://serviceusage.googleapis.com/v1/projects/pet-com-unity/services/artifactregistry.googleapis.com  x-goog-user-project=pet-com-unity
[debug] [2026-06-24T23:56:02.151Z] >>> [apiv2][query] GET https://serviceusage.googleapis.com/v1/projects/pet-com-unity/services/iam.googleapis.com [none]
[debug] [2026-06-24T23:56:02.151Z] >>> [apiv2][(partial)header] GET https://serviceusage.googleapis.com/v1/projects/pet-com-unity/services/iam.googleapis.com  x-goog-user-project=pet-com-unity
[debug] [2026-06-24T23:56:02.590Z] <<< [apiv2][status] GET https://serviceusage.googleapis.com/v1/projects/pet-com-unity/services/developerconnect.googleapis.com 200
[debug] [2026-06-24T23:56:02.590Z] <<< [apiv2][body] GET https://serviceusage.googleapis.com/v1/projects/pet-com-unity/services/developerconnect.googleapis.com [omitted]
[debug] [2026-06-24T23:56:02.597Z] <<< [apiv2][status] GET https://serviceusage.googleapis.com/v1/projects/pet-com-unity/services/artifactregistry.googleapis.com 200
[debug] [2026-06-24T23:56:02.597Z] <<< [apiv2][body] GET https://serviceusage.googleapis.com/v1/projects/pet-com-unity/services/artifactregistry.googleapis.com [omitted]
[debug] [2026-06-24T23:56:02.602Z] <<< [apiv2][status] GET https://serviceusage.googleapis.com/v1/projects/pet-com-unity/services/secretmanager.googleapis.com 200
[debug] [2026-06-24T23:56:02.602Z] <<< [apiv2][body] GET https://serviceusage.googleapis.com/v1/projects/pet-com-unity/services/secretmanager.googleapis.com [omitted]
[debug] [2026-06-24T23:56:02.638Z] <<< [apiv2][status] GET https://serviceusage.googleapis.com/v1/projects/pet-com-unity/services/cloudbuild.googleapis.com 200
[debug] [2026-06-24T23:56:02.638Z] <<< [apiv2][body] GET https://serviceusage.googleapis.com/v1/projects/pet-com-unity/services/cloudbuild.googleapis.com [omitted]
[debug] [2026-06-24T23:56:03.064Z] <<< [apiv2][status] GET https://serviceusage.googleapis.com/v1/projects/pet-com-unity/services/iam.googleapis.com 200
[debug] [2026-06-24T23:56:03.064Z] <<< [apiv2][body] GET https://serviceusage.googleapis.com/v1/projects/pet-com-unity/services/iam.googleapis.com [omitted]
[debug] [2026-06-24T23:56:03.072Z] <<< [apiv2][status] GET https://serviceusage.googleapis.com/v1/projects/pet-com-unity/services/run.googleapis.com 200
[debug] [2026-06-24T23:56:03.072Z] <<< [apiv2][body] GET https://serviceusage.googleapis.com/v1/projects/pet-com-unity/services/run.googleapis.com [omitted]
[debug] [2026-06-24T23:56:03.077Z] Checked if tokens are valid: true, expires at: 1782348544042
[debug] [2026-06-24T23:56:03.077Z] Checked if tokens are valid: true, expires at: 1782348544042
[debug] [2026-06-24T23:56:03.077Z] >>> [apiv2][query] POST https://iam.googleapis.com/v1/projects/pet-com-unity/serviceAccounts/firebase-app-hosting-compute@pet-com-unity.iam.gserviceaccount.com:testIamPermissions [none]
[debug] [2026-06-24T23:56:03.077Z] >>> [apiv2][(partial)header] POST https://iam.googleapis.com/v1/projects/pet-com-unity/serviceAccounts/firebase-app-hosting-compute@pet-com-unity.iam.gserviceaccount.com:testIamPermissions  x-goog-user-project=pet-com-unity
[debug] [2026-06-24T23:56:03.077Z] >>> [apiv2][body] POST https://iam.googleapis.com/v1/projects/pet-com-unity/serviceAccounts/firebase-app-hosting-compute@pet-com-unity.iam.gserviceaccount.com:testIamPermissions {"permissions":["iam.serviceAccounts.actAs"]}
[debug] [2026-06-24T23:56:04.052Z] <<< [apiv2][status] POST https://iam.googleapis.com/v1/projects/pet-com-unity/serviceAccounts/firebase-app-hosting-compute@pet-com-unity.iam.gserviceaccount.com:testIamPermissions 200
[debug] [2026-06-24T23:56:04.052Z] <<< [apiv2][body] POST https://iam.googleapis.com/v1/projects/pet-com-unity/serviceAccounts/firebase-app-hosting-compute@pet-com-unity.iam.gserviceaccount.com:testIamPermissions {"permissions":["iam.serviceAccounts.actAs"]}
[debug] [2026-06-24T23:56:04.052Z] Checked if tokens are valid: true, expires at: 1782348544042
[debug] [2026-06-24T23:56:04.052Z] Checked if tokens are valid: true, expires at: 1782348544042
[debug] [2026-06-24T23:56:04.052Z] >>> [apiv2][query] POST https://iam.googleapis.com/v1/projects/pet-com-unity/serviceAccounts [none]
[debug] [2026-06-24T23:56:04.052Z] >>> [apiv2][body] POST https://iam.googleapis.com/v1/projects/pet-com-unity/serviceAccounts {"accountId":"firebase-app-hosting-compute","serviceAccount":{"displayName":"Firebase App Hosting compute service account","description":"Default service account used to run builds and deploys for Firebase App Hosting"}}
[debug] [2026-06-24T23:56:05.076Z] <<< [apiv2][status] POST https://iam.googleapis.com/v1/projects/pet-com-unity/serviceAccounts 409
[debug] [2026-06-24T23:56:05.076Z] <<< [apiv2][body] POST https://iam.googleapis.com/v1/projects/pet-com-unity/serviceAccounts [omitted]
[debug] [2026-06-24T23:56:05.077Z] Checked if tokens are valid: true, expires at: 1782348544042
[debug] [2026-06-24T23:56:05.077Z] Checked if tokens are valid: true, expires at: 1782348544042
[debug] [2026-06-24T23:56:05.077Z] >>> [apiv2][query] POST https://cloudresourcemanager.googleapis.com/v1/projects/pet-com-unity:getIamPolicy [none]
[debug] [2026-06-24T23:56:06.097Z] <<< [apiv2][status] POST https://cloudresourcemanager.googleapis.com/v1/projects/pet-com-unity:getIamPolicy 200
[debug] [2026-06-24T23:56:06.097Z] <<< [apiv2][body] POST https://cloudresourcemanager.googleapis.com/v1/projects/pet-com-unity:getIamPolicy {"version":1,"etag":"BwZVCJLgHYc=","bindings":[{"role":"roles/artifactregistry.serviceAgent","members":["serviceAccount:service-284412319850@gcp-sa-artifactregistry.iam.gserviceaccount.com"]},{"role":"roles/cloudbuild.builds.builder","members":["serviceAccount:284412319850@cloudbuild.gserviceaccount.com"]},{"role":"roles/cloudbuild.editor","members":["serviceAccount:284412319850-compute@developer.gserviceaccount.com"]},{"role":"roles/cloudbuild.serviceAgent","members":["serviceAccount:service-284412319850@gcp-sa-cloudbuild.iam.gserviceaccount.com"]},{"role":"roles/containerregistry.ServiceAgent","members":["serviceAccount:284412319850-compute@developer.gserviceaccount.com","serviceAccount:service-284412319850@containerregistry.iam.gserviceaccount.com"]},{"role":"roles/developerconnect.readTokenAccessor","members":["serviceAccount:firebase-app-hosting-compute@pet-com-unity.iam.gserviceaccount.com"]},{"role":"roles/developerconnect.serviceAgent","members":["serviceAccount:service-284412319850@gcp-sa-devconnect.iam.gserviceaccount.com"]},{"role":"roles/editor","members":["serviceAccount:284412319850-compute@developer.gserviceaccount.com"]},{"role":"roles/firebase.managementServiceAgent","members":["serviceAccount:service-284412319850@gcp-sa-firebase.iam.gserviceaccount.com"]},{"role":"roles/firebase.sdkAdminServiceAgent","members":["serviceAccount:firebase-adminsdk-fbsvc@pet-com-unity.iam.gserviceaccount.com","serviceAccount:firebase-app-hosting-compute@pet-com-unity.iam.gserviceaccount.com"]},{"role":"roles/firebaseapphosting.computeRunner","members":["serviceAccount:firebase-app-hosting-compute@pet-com-unity.iam.gserviceaccount.com"]},{"role":"roles/firebaseapphosting.serviceAgent","members":["serviceAccount:service-284412319850@gcp-sa-firebaseapphosting.iam.gserviceaccount.com"]},{"role":"roles/iam.serviceAccountTokenCreator","members":["serviceAccount:firebase-adminsdk-fbsvc@pet-com-unity.iam.gserviceaccount.com"]},{"role":"roles/iam.serviceAccountUser","members":["serviceAccount:284412319850-compute@developer.gserviceaccount.com"]},{"role":"roles/owner","members":["user:pysarenkoiryna@gmail.com"]},{"role":"roles/run.admin","members":["serviceAccount:284412319850-compute@developer.gserviceaccount.com"]},{"role":"roles/run.serviceAgent","members":["serviceAccount:service-284412319850@serverless-robot-prod.iam.gserviceaccount.com"]},{"role":"roles/secretmanager.admin_withcond_b3bdb137610e8d8d453a","members":["serviceAccount:service-284412319850@gcp-sa-devconnect.iam.gserviceaccount.com"]},{"role":"roles/storage.admin","members":["serviceAccount:284412319850-compute@developer.gserviceaccount.com"]}]}
[debug] [2026-06-24T23:56:06.098Z] Checked if tokens are valid: true, expires at: 1782348544042
[debug] [2026-06-24T23:56:06.098Z] Checked if tokens are valid: true, expires at: 1782348544042
[debug] [2026-06-24T23:56:06.098Z] >>> [apiv2][query] POST https://cloudresourcemanager.googleapis.com/v1/projects/pet-com-unity:setIamPolicy [none]
[debug] [2026-06-24T23:56:06.098Z] >>> [apiv2][body] POST https://cloudresourcemanager.googleapis.com/v1/projects/pet-com-unity:setIamPolicy {"policy":{"version":1,"etag":"BwZVCJLgHYc=","bindings":[{"role":"roles/artifactregistry.serviceAgent","members":["serviceAccount:service-284412319850@gcp-sa-artifactregistry.iam.gserviceaccount.com"]},{"role":"roles/cloudbuild.builds.builder","members":["serviceAccount:284412319850@cloudbuild.gserviceaccount.com"]},{"role":"roles/cloudbuild.editor","members":["serviceAccount:284412319850-compute@developer.gserviceaccount.com"]},{"role":"roles/cloudbuild.serviceAgent","members":["serviceAccount:service-284412319850@gcp-sa-cloudbuild.iam.gserviceaccount.com"]},{"role":"roles/containerregistry.ServiceAgent","members":["serviceAccount:284412319850-compute@developer.gserviceaccount.com","serviceAccount:service-284412319850@containerregistry.iam.gserviceaccount.com"]},{"role":"roles/developerconnect.readTokenAccessor","members":["serviceAccount:firebase-app-hosting-compute@pet-com-unity.iam.gserviceaccount.com"]},{"role":"roles/developerconnect.serviceAgent","members":["serviceAccount:service-284412319850@gcp-sa-devconnect.iam.gserviceaccount.com"]},{"role":"roles/editor","members":["serviceAccount:284412319850-compute@developer.gserviceaccount.com"]},{"role":"roles/firebase.managementServiceAgent","members":["serviceAccount:service-284412319850@gcp-sa-firebase.iam.gserviceaccount.com"]},{"role":"roles/firebase.sdkAdminServiceAgent","members":["serviceAccount:firebase-adminsdk-fbsvc@pet-com-unity.iam.gserviceaccount.com","serviceAccount:firebase-app-hosting-compute@pet-com-unity.iam.gserviceaccount.com"]},{"role":"roles/firebaseapphosting.computeRunner","members":["serviceAccount:firebase-app-hosting-compute@pet-com-unity.iam.gserviceaccount.com"]},{"role":"roles/firebaseapphosting.serviceAgent","members":["serviceAccount:service-284412319850@gcp-sa-firebaseapphosting.iam.gserviceaccount.com"]},{"role":"roles/iam.serviceAccountTokenCreator","members":["serviceAccount:firebase-adminsdk-fbsvc@pet-com-unity.iam.gserviceaccount.com"]},{"role":"roles/iam.serviceAccountUser","members":["serviceAccount:284412319850-compute@developer.gserviceaccount.com"]},{"role":"roles/owner","members":["user:pysarenkoiryna@gmail.com"]},{"role":"roles/run.admin","members":["serviceAccount:284412319850-compute@developer.gserviceaccount.com"]},{"role":"roles/run.serviceAgent","members":["serviceAccount:service-284412319850@serverless-robot-prod.iam.gserviceaccount.com"]},{"role":"roles/secretmanager.admin_withcond_b3bdb137610e8d8d453a","members":["serviceAccount:service-284412319850@gcp-sa-devconnect.iam.gserviceaccount.com"]},{"role":"roles/storage.admin","members":["serviceAccount:284412319850-compute@developer.gserviceaccount.com"]},{"role":"roles/storage.objectViewer","members":["serviceAccount:firebase-app-hosting-compute@pet-com-unity.iam.gserviceaccount.com"]}]},"updateMask":"bindings"}
[debug] [2026-06-24T23:56:07.210Z] <<< [apiv2][status] POST https://cloudresourcemanager.googleapis.com/v1/projects/pet-com-unity:setIamPolicy 200
[debug] [2026-06-24T23:56:07.210Z] <<< [apiv2][body] POST https://cloudresourcemanager.googleapis.com/v1/projects/pet-com-unity:setIamPolicy {"version":1,"etag":"BwZVCJ57bsQ=","bindings":[{"role":"roles/artifactregistry.serviceAgent","members":["serviceAccount:service-284412319850@gcp-sa-artifactregistry.iam.gserviceaccount.com"]},{"role":"roles/cloudbuild.builds.builder","members":["serviceAccount:284412319850@cloudbuild.gserviceaccount.com"]},{"role":"roles/cloudbuild.editor","members":["serviceAccount:284412319850-compute@developer.gserviceaccount.com"]},{"role":"roles/cloudbuild.serviceAgent","members":["serviceAccount:service-284412319850@gcp-sa-cloudbuild.iam.gserviceaccount.com"]},{"role":"roles/containerregistry.ServiceAgent","members":["serviceAccount:284412319850-compute@developer.gserviceaccount.com","serviceAccount:service-284412319850@containerregistry.iam.gserviceaccount.com"]},{"role":"roles/developerconnect.readTokenAccessor","members":["serviceAccount:firebase-app-hosting-compute@pet-com-unity.iam.gserviceaccount.com"]},{"role":"roles/developerconnect.serviceAgent","members":["serviceAccount:service-284412319850@gcp-sa-devconnect.iam.gserviceaccount.com"]},{"role":"roles/editor","members":["serviceAccount:284412319850-compute@developer.gserviceaccount.com"]},{"role":"roles/firebase.managementServiceAgent","members":["serviceAccount:service-284412319850@gcp-sa-firebase.iam.gserviceaccount.com"]},{"role":"roles/firebase.sdkAdminServiceAgent","members":["serviceAccount:firebase-adminsdk-fbsvc@pet-com-unity.iam.gserviceaccount.com","serviceAccount:firebase-app-hosting-compute@pet-com-unity.iam.gserviceaccount.com"]},{"role":"roles/firebaseapphosting.computeRunner","members":["serviceAccount:firebase-app-hosting-compute@pet-com-unity.iam.gserviceaccount.com"]},{"role":"roles/firebaseapphosting.serviceAgent","members":["serviceAccount:service-284412319850@gcp-sa-firebaseapphosting.iam.gserviceaccount.com"]},{"role":"roles/iam.serviceAccountTokenCreator","members":["serviceAccount:firebase-adminsdk-fbsvc@pet-com-unity.iam.gserviceaccount.com"]},{"role":"roles/iam.serviceAccountUser","members":["serviceAccount:284412319850-compute@developer.gserviceaccount.com"]},{"role":"roles/owner","members":["user:pysarenkoiryna@gmail.com"]},{"role":"roles/run.admin","members":["serviceAccount:284412319850-compute@developer.gserviceaccount.com"]},{"role":"roles/run.serviceAgent","members":["serviceAccount:service-284412319850@serverless-robot-prod.iam.gserviceaccount.com"]},{"role":"roles/secretmanager.admin_withcond_b3bdb137610e8d8d453a","members":["serviceAccount:service-284412319850@gcp-sa-devconnect.iam.gserviceaccount.com"]},{"role":"roles/storage.admin","members":["serviceAccount:284412319850-compute@developer.gserviceaccount.com"]},{"role":"roles/storage.objectViewer","members":["serviceAccount:firebase-app-hosting-compute@pet-com-unity.iam.gserviceaccount.com"]}]}
[info] i  This command links your local project to Firebase App Hosting. You will be able to deploy your web app with `firebase deploy` after setup. 
[info] i  === Set up your backend 
[debug] [2026-06-24T23:56:21.590Z] Checked if tokens are valid: true, expires at: 1782348544042
[debug] [2026-06-24T23:56:21.590Z] Checked if tokens are valid: true, expires at: 1782348544042
[debug] [2026-06-24T23:56:21.591Z] >>> [apiv2][query] GET https://firebaseapphosting.googleapis.com/v1beta/projects/pet-com-unity/locations 
[debug] [2026-06-24T23:56:22.494Z] <<< [apiv2][status] GET https://firebaseapphosting.googleapis.com/v1beta/projects/pet-com-unity/locations 200
[debug] [2026-06-24T23:56:22.494Z] <<< [apiv2][body] GET https://firebaseapphosting.googleapis.com/v1beta/projects/pet-com-unity/locations {"locations":[{"name":"projects/pet-com-unity/locations/asia-east1","locationId":"asia-east1","displayName":"Taiwan"},{"name":"projects/pet-com-unity/locations/asia-southeast1","locationId":"asia-southeast1","displayName":"Singapore"},{"name":"projects/pet-com-unity/locations/europe-west4","locationId":"europe-west4","displayName":"Netherlands"},{"name":"projects/pet-com-unity/locations/us-central1","locationId":"us-central1","displayName":"Iowa"},{"name":"projects/pet-com-unity/locations/us-east4","locationId":"us-east4","displayName":"Northern Virginia"},{"name":"projects/pet-com-unity/locations/us-east5","locationId":"us-east5","displayName":"Columbus"}]}
[info] ✔  Location set to europe-west4.
 
[debug] [2026-06-24T23:56:48.846Z] Checked if tokens are valid: true, expires at: 1782348544042
[debug] [2026-06-24T23:56:48.846Z] Checked if tokens are valid: true, expires at: 1782348544042
[debug] [2026-06-24T23:56:48.847Z] >>> [apiv2][query] GET https://firebaseapphosting.googleapis.com/v1beta/projects/pet-com-unity/locations/europe-west4/backends/pet-com-unity [none]
[debug] [2026-06-24T23:56:49.058Z] <<< [apiv2][status] GET https://firebaseapphosting.googleapis.com/v1beta/projects/pet-com-unity/locations/europe-west4/backends/pet-com-unity 404
[debug] [2026-06-24T23:56:49.058Z] <<< [apiv2][body] GET https://firebaseapphosting.googleapis.com/v1beta/projects/pet-com-unity/locations/europe-west4/backends/pet-com-unity {"error":{"code":404,"message":"Resource 'projects/pet-com-unity/locations/europe-west4/backends/pet-com-unity' was not found","status":"NOT_FOUND","details":[{"@type":"type.googleapis.com/google.rpc.ResourceInfo","resourceName":"projects/pet-com-unity/locations/europe-west4/backends/pet-com-unity"}]}}
[info] ✔  Name set to pet-com-unity
 
[debug] [2026-06-24T23:56:49.059Z] Checked if tokens are valid: true, expires at: 1782348544042
[debug] [2026-06-24T23:56:49.059Z] Checked if tokens are valid: true, expires at: 1782348544042
[debug] [2026-06-24T23:56:49.059Z] >>> [apiv2][query] GET https://firebase.googleapis.com/v1beta1/projects/pet-com-unity/webApps pageSize=100
[debug] [2026-06-24T23:56:49.565Z] <<< [apiv2][status] GET https://firebase.googleapis.com/v1beta1/projects/pet-com-unity/webApps 200
[debug] [2026-06-24T23:56:49.565Z] <<< [apiv2][body] GET https://firebase.googleapis.com/v1beta1/projects/pet-com-unity/webApps {"apps":[{"name":"projects/pet-com-unity/webApps/1:284412319850:web:a1a812ae89fd6a87219213","appId":"1:284412319850:web:a1a812ae89fd6a87219213","displayName":"Pet.com.Unity","projectId":"pet-com-unity","webId":"YjZkZGUxMmItOWU2NS00YjU4LTg3ZWYtZjQ2YjE3MGZhNTc3","apiKeyId":"31fb6980-0ce8-46fc-aa13-5355c92f0ab2","state":"ACTIVE","expireTime":"1970-01-01T00:00:00Z","etag":"1_047e6a84-c5f8-491c-bbe2-75e05a671308"}]}
[debug] [2026-06-24T23:56:49.566Z] Checked if tokens are valid: true, expires at: 1782348544042
[debug] [2026-06-24T23:56:49.566Z] Checked if tokens are valid: true, expires at: 1782348544042
[debug] [2026-06-24T23:56:49.566Z] >>> [apiv2][query] GET https://firebase.googleapis.com/v1beta1/projects/pet-com-unity/webApps pageSize=100
[debug] [2026-06-24T23:56:50.065Z] <<< [apiv2][status] GET https://firebase.googleapis.com/v1beta1/projects/pet-com-unity/webApps 200
[debug] [2026-06-24T23:56:50.065Z] <<< [apiv2][body] GET https://firebase.googleapis.com/v1beta1/projects/pet-com-unity/webApps {"apps":[{"name":"projects/pet-com-unity/webApps/1:284412319850:web:a1a812ae89fd6a87219213","appId":"1:284412319850:web:a1a812ae89fd6a87219213","displayName":"Pet.com.Unity","projectId":"pet-com-unity","webId":"YjZkZGUxMmItOWU2NS00YjU4LTg3ZWYtZjQ2YjE3MGZhNTc3","apiKeyId":"31fb6980-0ce8-46fc-aa13-5355c92f0ab2","state":"ACTIVE","expireTime":"1970-01-01T00:00:00Z","etag":"1_047e6a84-c5f8-491c-bbe2-75e05a671308"}]}
[debug] [2026-06-24T23:56:50.066Z] Checked if tokens are valid: true, expires at: 1782348544042
[debug] [2026-06-24T23:56:50.066Z] Checked if tokens are valid: true, expires at: 1782348544042
[debug] [2026-06-24T23:56:50.066Z] >>> [apiv2][query] POST https://firebase.googleapis.com/v1beta1/projects/pet-com-unity/webApps [none]
[debug] [2026-06-24T23:56:50.066Z] >>> [apiv2][body] POST https://firebase.googleapis.com/v1beta1/projects/pet-com-unity/webApps {"displayName":"pet-com-unity"}
[debug] [2026-06-24T23:56:51.483Z] <<< [apiv2][status] POST https://firebase.googleapis.com/v1beta1/projects/pet-com-unity/webApps 200
[debug] [2026-06-24T23:56:51.483Z] <<< [apiv2][body] POST https://firebase.googleapis.com/v1beta1/projects/pet-com-unity/webApps {"name":"operations/workflows/ZWI0ODYwNDEtYmQyMy00ZTc1LTg3NTUtYTI5OWIzN2ZkYjY0"}
[debug] [2026-06-24T23:56:51.484Z] Checked if tokens are valid: true, expires at: 1782348544042
[debug] [2026-06-24T23:56:51.484Z] Checked if tokens are valid: true, expires at: 1782348544042
[debug] [2026-06-24T23:56:51.484Z] >>> [apiv2][query] GET https://firebase.googleapis.com/v1beta1/operations/workflows/ZWI0ODYwNDEtYmQyMy00ZTc1LTg3NTUtYTI5OWIzN2ZkYjY0 [none]
[debug] [2026-06-24T23:56:51.995Z] <<< [apiv2][status] GET https://firebase.googleapis.com/v1beta1/operations/workflows/ZWI0ODYwNDEtYmQyMy00ZTc1LTg3NTUtYTI5OWIzN2ZkYjY0 200
[debug] [2026-06-24T23:56:51.995Z] <<< [apiv2][body] GET https://firebase.googleapis.com/v1beta1/operations/workflows/ZWI0ODYwNDEtYmQyMy00ZTc1LTg3NTUtYTI5OWIzN2ZkYjY0 {"name":"operations/workflows/ZWI0ODYwNDEtYmQyMy00ZTc1LTg3NTUtYTI5OWIzN2ZkYjY0"}
[debug] [2026-06-24T23:56:52.497Z] [Create Web app Poller] Retrying task index 0
[debug] [2026-06-24T23:56:52.498Z] Checked if tokens are valid: true, expires at: 1782348544042
[debug] [2026-06-24T23:56:52.498Z] Checked if tokens are valid: true, expires at: 1782348544042
[debug] [2026-06-24T23:56:52.498Z] >>> [apiv2][query] GET https://firebase.googleapis.com/v1beta1/operations/workflows/ZWI0ODYwNDEtYmQyMy00ZTc1LTg3NTUtYTI5OWIzN2ZkYjY0 [none]
[debug] [2026-06-24T23:56:53.001Z] <<< [apiv2][status] GET https://firebase.googleapis.com/v1beta1/operations/workflows/ZWI0ODYwNDEtYmQyMy00ZTc1LTg3NTUtYTI5OWIzN2ZkYjY0 200
[debug] [2026-06-24T23:56:53.001Z] <<< [apiv2][body] GET https://firebase.googleapis.com/v1beta1/operations/workflows/ZWI0ODYwNDEtYmQyMy00ZTc1LTg3NTUtYTI5OWIzN2ZkYjY0 {"name":"operations/workflows/ZWI0ODYwNDEtYmQyMy00ZTc1LTg3NTUtYTI5OWIzN2ZkYjY0"}
[debug] [2026-06-24T23:56:54.003Z] [Create Web app Poller] Retrying task index 0
[debug] [2026-06-24T23:56:54.003Z] Checked if tokens are valid: true, expires at: 1782348544042
[debug] [2026-06-24T23:56:54.004Z] Checked if tokens are valid: true, expires at: 1782348544042
[debug] [2026-06-24T23:56:54.004Z] >>> [apiv2][query] GET https://firebase.googleapis.com/v1beta1/operations/workflows/ZWI0ODYwNDEtYmQyMy00ZTc1LTg3NTUtYTI5OWIzN2ZkYjY0 [none]
[debug] [2026-06-24T23:56:54.557Z] <<< [apiv2][status] GET https://firebase.googleapis.com/v1beta1/operations/workflows/ZWI0ODYwNDEtYmQyMy00ZTc1LTg3NTUtYTI5OWIzN2ZkYjY0 200
[debug] [2026-06-24T23:56:54.557Z] <<< [apiv2][body] GET https://firebase.googleapis.com/v1beta1/operations/workflows/ZWI0ODYwNDEtYmQyMy00ZTc1LTg3NTUtYTI5OWIzN2ZkYjY0 {"name":"operations/workflows/ZWI0ODYwNDEtYmQyMy00ZTc1LTg3NTUtYTI5OWIzN2ZkYjY0"}
[debug] [2026-06-24T23:56:56.559Z] [Create Web app Poller] Retrying task index 0
[debug] [2026-06-24T23:56:56.560Z] Checked if tokens are valid: true, expires at: 1782348544042
[debug] [2026-06-24T23:56:56.560Z] Checked if tokens are valid: true, expires at: 1782348544042
[debug] [2026-06-24T23:56:56.560Z] >>> [apiv2][query] GET https://firebase.googleapis.com/v1beta1/operations/workflows/ZWI0ODYwNDEtYmQyMy00ZTc1LTg3NTUtYTI5OWIzN2ZkYjY0 [none]
[debug] [2026-06-24T23:56:57.118Z] <<< [apiv2][status] GET https://firebase.googleapis.com/v1beta1/operations/workflows/ZWI0ODYwNDEtYmQyMy00ZTc1LTg3NTUtYTI5OWIzN2ZkYjY0 200
[debug] [2026-06-24T23:56:57.118Z] <<< [apiv2][body] GET https://firebase.googleapis.com/v1beta1/operations/workflows/ZWI0ODYwNDEtYmQyMy00ZTc1LTg3NTUtYTI5OWIzN2ZkYjY0 {"name":"operations/workflows/ZWI0ODYwNDEtYmQyMy00ZTc1LTg3NTUtYTI5OWIzN2ZkYjY0","done":true,"response":{"@type":"type.googleapis.com/google.firebase.service.v1beta1.WebApp","name":"projects/pet-com-unity/webApps/1:284412319850:web:3180d257218e6924219213","appId":"1:284412319850:web:3180d257218e6924219213","displayName":"pet-com-unity","projectId":"pet-com-unity","webId":"YjE4MzQ1ZTktODgzNy00MGQ0LThjMjUtODllODljMzk0NWY4","apiKeyId":"31fb6980-0ce8-46fc-aa13-5355c92f0ab2","state":"ACTIVE","expireTime":"1970-01-01T00:00:00Z","etag":"1_5dd2eeb2-f753-4900-90c3-a2aade2262ba"}}
[info] ✔  Created a new Firebase web app named "pet-com-unity" 
[debug] [2026-06-24T23:56:57.128Z] Checked if tokens are valid: true, expires at: 1782348544042
[debug] [2026-06-24T23:56:57.128Z] Checked if tokens are valid: true, expires at: 1782348544042
[debug] [2026-06-24T23:56:57.128Z] >>> [apiv2][query] GET https://firebaseapphosting.googleapis.com/v1beta/projects/pet-com-unity/locations/europe-west4/supportedRuntimes [none]
[debug] [2026-06-24T23:56:57.318Z] <<< [apiv2][status] GET https://firebaseapphosting.googleapis.com/v1beta/projects/pet-com-unity/locations/europe-west4/supportedRuntimes 200
[debug] [2026-06-24T23:56:57.318Z] <<< [apiv2][body] GET https://firebaseapphosting.googleapis.com/v1beta/projects/pet-com-unity/locations/europe-west4/supportedRuntimes {"supportedRuntimes":[{"name":"projects/pet-com-unity/locations/europe-west4/supportedRuntimes/nodejs","runtimeId":"nodejs"},{"name":"projects/pet-com-unity/locations/europe-west4/supportedRuntimes/nodejs22","runtimeId":"nodejs22","automaticBaseImageUpdatesSupported":true,"deprecateTime":"2027-04-30T00:00:00Z","decommissionTime":"2027-10-31T00:00:00Z"},{"name":"projects/pet-com-unity/locations/europe-west4/supportedRuntimes/nodejs24","runtimeId":"nodejs24","automaticBaseImageUpdatesSupported":true,"deprecateTime":"2028-04-30T00:00:00Z","decommissionTime":"2028-10-31T00:00:00Z"}]}
[debug] [2026-06-24T23:57:10.767Z] Checked if tokens are valid: true, expires at: 1782348544042
[debug] [2026-06-24T23:57:10.767Z] Checked if tokens are valid: true, expires at: 1782348544042
[debug] [2026-06-24T23:57:10.768Z] >>> [apiv2][query] POST https://firebaseapphosting.googleapis.com/v1beta/projects/pet-com-unity/locations/europe-west4/backends backendId=pet-com-unity
[debug] [2026-06-24T23:57:10.768Z] >>> [apiv2][body] POST https://firebaseapphosting.googleapis.com/v1beta/projects/pet-com-unity/locations/europe-west4/backends {"servingLocality":"GLOBAL_ACCESS","labels":{"deployment-tool":"cli-firebase"},"serviceAccount":"firebase-app-hosting-compute@pet-com-unity.iam.gserviceaccount.com","appId":"1:284412319850:web:3180d257218e6924219213","runtime":{"value":"nodejs22"}}
[debug] [2026-06-24T23:57:11.561Z] <<< [apiv2][status] POST https://firebaseapphosting.googleapis.com/v1beta/projects/pet-com-unity/locations/europe-west4/backends 200
[debug] [2026-06-24T23:57:11.561Z] <<< [apiv2][body] POST https://firebaseapphosting.googleapis.com/v1beta/projects/pet-com-unity/locations/europe-west4/backends {"name":"projects/pet-com-unity/locations/europe-west4/operations/operation-1782345431051-65508a248ebc7-e1bfd73f-88e3eaf3","metadata":{"@type":"type.googleapis.com/google.firebase.apphosting.v1beta.OperationMetadata","createTime":"2026-06-24T23:57:11.546240108Z","target":"projects/pet-com-unity/locations/europe-west4/backends/pet-com-unity","verb":"create","requestedCancellation":false,"apiVersion":"v1beta"},"done":false}
[debug] [2026-06-24T23:57:11.561Z] Checked if tokens are valid: true, expires at: 1782348544042
[debug] [2026-06-24T23:57:11.561Z] Checked if tokens are valid: true, expires at: 1782348544042
[debug] [2026-06-24T23:57:11.562Z] >>> [apiv2][query] GET https://firebaseapphosting.googleapis.com/v1beta/projects/pet-com-unity/locations/europe-west4/operations/operation-1782345431051-65508a248ebc7-e1bfd73f-88e3eaf3 [none]
[debug] [2026-06-24T23:57:11.643Z] <<< [apiv2][status] GET https://firebaseapphosting.googleapis.com/v1beta/projects/pet-com-unity/locations/europe-west4/operations/operation-1782345431051-65508a248ebc7-e1bfd73f-88e3eaf3 200
[debug] [2026-06-24T23:57:11.643Z] <<< [apiv2][body] GET https://firebaseapphosting.googleapis.com/v1beta/projects/pet-com-unity/locations/europe-west4/operations/operation-1782345431051-65508a248ebc7-e1bfd73f-88e3eaf3 {"name":"projects/pet-com-unity/locations/europe-west4/operations/operation-1782345431051-65508a248ebc7-e1bfd73f-88e3eaf3","metadata":{"@type":"type.googleapis.com/google.firebase.apphosting.v1beta.OperationMetadata","createTime":"2026-06-24T23:57:11.546240108Z","target":"projects/pet-com-unity/locations/europe-west4/backends/pet-com-unity","verb":"create","requestedCancellation":false,"apiVersion":"v1beta"},"done":false}
[debug] [2026-06-24T23:57:12.144Z] [create-pet-com-unity-europe-west4-pet-com-unity] Retrying task index 0
[debug] [2026-06-24T23:57:12.145Z] Checked if tokens are valid: true, expires at: 1782348544042
[debug] [2026-06-24T23:57:12.145Z] Checked if tokens are valid: true, expires at: 1782348544042
[debug] [2026-06-24T23:57:12.145Z] >>> [apiv2][query] GET https://firebaseapphosting.googleapis.com/v1beta/projects/pet-com-unity/locations/europe-west4/operations/operation-1782345431051-65508a248ebc7-e1bfd73f-88e3eaf3 [none]
[debug] [2026-06-24T23:57:12.239Z] <<< [apiv2][status] GET https://firebaseapphosting.googleapis.com/v1beta/projects/pet-com-unity/locations/europe-west4/operations/operation-1782345431051-65508a248ebc7-e1bfd73f-88e3eaf3 200
[debug] [2026-06-24T23:57:12.239Z] <<< [apiv2][body] GET https://firebaseapphosting.googleapis.com/v1beta/projects/pet-com-unity/locations/europe-west4/operations/operation-1782345431051-65508a248ebc7-e1bfd73f-88e3eaf3 {"name":"projects/pet-com-unity/locations/europe-west4/operations/operation-1782345431051-65508a248ebc7-e1bfd73f-88e3eaf3","metadata":{"@type":"type.googleapis.com/google.firebase.apphosting.v1beta.OperationMetadata","createTime":"2026-06-24T23:57:11.546240108Z","endTime":"2026-06-24T23:57:11.933882686Z","target":"projects/pet-com-unity/locations/europe-west4/backends/pet-com-unity","verb":"create","requestedCancellation":false,"apiVersion":"v1beta"},"done":true,"response":{"@type":"type.googleapis.com/google.firebase.apphosting.v1beta.Backend","name":"projects/pet-com-unity/locations/europe-west4/backends/pet-com-unity","createTime":"2026-06-24T23:57:11.543599338Z","updateTime":"2026-06-24T23:57:11.932Z","labels":{"deployment-tool":"cli-firebase"},"uri":"pet-com-unity--pet-com-unity.europe-west4.hosted.app","uid":"615a1837-b868-44f3-a41d-c67d3614939c","etag":"gBway26-YhtPtUcEMuzzLedu6yTVXB1iH7o8MBpW_0Y","reconciling":false,"servingLocality":"GLOBAL_ACCESS","serviceAccount":"firebase-app-hosting-compute@pet-com-unity.iam.gserviceaccount.com","appId":"1:284412319850:web:3180d257218e6924219213","runtime":{"value":"nodejs22"}}}
[info] i  === Deploy local source setup 
[info] ✔  Wrote configuration info to firebase.json 
[info] i  Writing default settings to apphosting.yaml... 
[info] ✔  Wrote /Users/iris/Documents/GitHub/pet-com-unity-backend/apphosting.yaml 
[info] ✔  Firebase initialization complete! 
[info] 
=== Agent Skills Setup
[info] If you are using an AI coding agent, Firebase Agent Skills make it an expert at Firebase.
